[debug] [2022-06-24T12:44:41.676Z] ----------------------------------------------------------------------
[debug] [2022-06-24T12:44:41.678Z] Command:       C:\Program Files\nodejs\node.exe C:\Users\janik\AppData\Roaming\npm\node_modules\firebase-tools\lib\bin\firebase.js init
[debug] [2022-06-24T12:44:41.679Z] CLI Version:   11.1.0
[debug] [2022-06-24T12:44:41.679Z] Platform:      win32
[debug] [2022-06-24T12:44:41.679Z] Node Version:  v16.14.2
[debug] [2022-06-24T12:44:41.680Z] Time:          Fri Jun 24 2022 16:44:41 GMT+0400 (Armenia Standard Time)
[debug] [2022-06-24T12:44:41.680Z] ----------------------------------------------------------------------
[debug] 
[debug] [2022-06-24T12:44:41.753Z] > command requires scopes: ["email","openid","https://www.googleapis.com/auth/cloudplatformprojects.readonly","https://www.googleapis.com/auth/firebase","https://www.googleapis.com/auth/cloud-platform"]
[debug] [2022-06-24T12:44:41.753Z] > authorizing via signed-in user (lilminasyan1996@gmail.com)
[info] 
     ######## #### ########  ######## ########     ###     ######  ########
     ##        ##  ##     ## ##       ##     ##  ##   ##  ##       ##
     ######    ##  ########  ######   ########  #########  ######  ######
     ##        ##  ##    ##  ##       ##     ## ##     ##       ## ##
     ##       #### ##     ## ######## ########  ##     ##  ######  ########

You're about to initialize a Firebase project in this directory:

  C:\Users\janik\Desktop\iShop

Before we get started, keep in mind:

  * You are initializing within an existing Firebase project directory

